Arguments: 
  /usr/local/Cellar/node/13.8.0/bin/node /usr/local/bin/yarn

PATH: 
  /Users/markus/.fastlane/bin:/usr/local/bin:/usr/bin:/bin:/usr/sbin:/sbin:/Users/markus/.fastlane/bin:/Applications/Visual Studio Code.app/Contents/Resources/app/bin:/Users/markus/Android/emulator:/Users/markus/Android/tools:/Users/markus/Android/tools/bin:/Users/markus/Android/platform-tools:/Applications/Visual Studio Code.app/Contents/Resources/app/bin:/Users/markus/Android/emulator:/Users/markus/Android/tools:/Users/markus/Android/tools/bin:/Users/markus/Android/platform-tools

Yarn version: 
  1.22.4

Node version: 
  13.8.0

Platform: 
  darwin x64

Trace: 
  Error: https://registry.yarnpkg.com/@mskg%2ftabler-world-yarn-tools: Not found
      at Request.params.callback [as _callback] (/usr/local/lib/node_modules/yarn/lib/cli.js:66987:18)
      at Request.self.callback (/usr/local/lib/node_modules/yarn/lib/cli.js:140748:22)
      at Request.emit (events.js:321:20)
      at Request.<anonymous> (/usr/local/lib/node_modules/yarn/lib/cli.js:141720:10)
      at Request.emit (events.js:321:20)
      at IncomingMessage.<anonymous> (/usr/local/lib/node_modules/yarn/lib/cli.js:141642:12)
      at Object.onceWrapper (events.js:427:28)
      at IncomingMessage.emit (events.js:333:22)
      at endReadableNT (_stream_readable.js:1201:12)
      at processTicksAndRejections (internal/process/task_queues.js:84:21)

npm manifest: 
  {
      "name": "@mskg/tabler-world-tools",
      "author": "Markus Kling",
      "license": "Copyright 2019-present Markus Kling",
      "version": "0.0.1",
      "private": true,
      "dependencies": {
          "aws-sdk": "^2.621.0",
          "lodash": "^4.17.11",
          "safe-compare": "^1.1.4"
      },
      "devDependencies": {
          "@mskg/tabler-world-yarn-tools": "0.0.1",
          "@types/aws-lambda": "^8.10.42",
          "@types/lodash": "4.14.149",
          "@types/node": "^13.7.2",
          "file-loader": "^5.0.2",
          "ntl": "^5.0.0",
          "serverless": "^1.64.0",
          "serverless-domain-manager": "^3.3.1",
          "serverless-dynamodb-local": "^0.2.39",
          "serverless-iam-roles-per-function": "^2.0.1",
          "serverless-offline": "^5.8.0",
          "serverless-offline-direct-lambda": "0.0.1",
          "serverless-plugin-aws-alerts": "^1.2.4",
          "serverless-webpack": "^5.3.0",
          "ts-loader": "^6.0.4",
          "typescript": "3.7.5",
          "webpack": "^4.41.6"
      },
      "files": [
          "dist/"
      ],
      "scripts": {
          "deploy": "service deploy",
          "package": "service package",
          "remove": "service remove",
          "dev": "service dev",
          "dynamodb": "serverless dynamodb install",
          "start": "ntl"
      }
  }

yarn manifest: 
  No manifest

Lockfile: 
  No lockfile
